[ 2016-12-06T22:55:06+08:00 ] 127.0.0.1 /auth-master/Admin/Public/islogin.html
INFO: [ app_begin ] --START--
INFO: Run Behavior\ReadHtmlCacheBehavior [ RunTime:0.000000s ]
INFO: [ app_begin ] --END-- [ RunTime:0.000000s ]
NOTIC: [2048] Declaration of Admin\Controller\PublicController::error() should be compatible with Think\Controller::error($message = '', $jumpUrl = '', $ajax = false) D:\phpCode\auth-master\Application\Admin\Controller\PublicController.class.php 第 328 行.
NOTIC: [2048] Declaration of Admin\Controller\PublicController::success() should be compatible with Think\Controller::success($message = '', $jumpUrl = '', $ajax = false) D:\phpCode\auth-master\Application\Admin\Controller\PublicController.class.php 第 328 行.
ERR: SQLSTATE[HY000] [1045] Access denied for user 'root'@'localhost' (using password: YES)

[ 2016-12-06T22:55:37+08:00 ] 127.0.0.1 /auth-master/Admin/Public/islogin.html
INFO: [ app_begin ] --START--
INFO: Run Behavior\ReadHtmlCacheBehavior [ RunTime:0.000000s ]
INFO: [ app_begin ] --END-- [ RunTime:0.000000s ]
NOTIC: [2048] Declaration of Admin\Controller\PublicController::error() should be compatible with Think\Controller::error($message = '', $jumpUrl = '', $ajax = false) D:\phpCode\auth-master\Application\Admin\Controller\PublicController.class.php 第 328 行.
NOTIC: [2048] Declaration of Admin\Controller\PublicController::success() should be compatible with Think\Controller::success($message = '', $jumpUrl = '', $ajax = false) D:\phpCode\auth-master\Application\Admin\Controller\PublicController.class.php 第 328 行.
ERR: SQLSTATE[HY000] [1045] Access denied for user 'root'@'localhost' (using password: YES)

[ 2016-12-06T23:00:55+08:00 ] 127.0.0.1 /auth-master/Admin/Public/islogin.html
INFO: [ app_begin ] --START--
INFO: Run Behavior\ReadHtmlCacheBehavior [ RunTime:0.000000s ]
INFO: [ app_begin ] --END-- [ RunTime:0.000000s ]
NOTIC: [2048] Declaration of Admin\Controller\PublicController::error() should be compatible with Think\Controller::error($message = '', $jumpUrl = '', $ajax = false) D:\phpCode\auth-master\Application\Admin\Controller\PublicController.class.php 第 328 行.
NOTIC: [2048] Declaration of Admin\Controller\PublicController::success() should be compatible with Think\Controller::success($message = '', $jumpUrl = '', $ajax = false) D:\phpCode\auth-master\Application\Admin\Controller\PublicController.class.php 第 328 行.
SQL: SHOW COLUMNS FROM `a_admin` [ RunTime:0.0312s ]

[ 2016-12-06T23:01:08+08:00 ] 127.0.0.1 /auth-master/Admin/Public/islogin.html
INFO: [ app_begin ] --START--
INFO: Run Behavior\ReadHtmlCacheBehavior [ RunTime:0.000000s ]
INFO: [ app_begin ] --END-- [ RunTime:0.000000s ]
NOTIC: [2048] Declaration of Admin\Controller\PublicController::error() should be compatible with Think\Controller::error($message = '', $jumpUrl = '', $ajax = false) D:\phpCode\auth-master\Application\Admin\Controller\PublicController.class.php 第 328 行.
NOTIC: [2048] Declaration of Admin\Controller\PublicController::success() should be compatible with Think\Controller::success($message = '', $jumpUrl = '', $ajax = false) D:\phpCode\auth-master\Application\Admin\Controller\PublicController.class.php 第 328 行.
SQL: SHOW COLUMNS FROM `a_admin` [ RunTime:0.0468s ]

[ 2016-12-06T23:01:18+08:00 ] 127.0.0.1 /auth-master/Admin/Public/islogin.html
INFO: [ app_begin ] --START--
INFO: Run Behavior\ReadHtmlCacheBehavior [ RunTime:0.000000s ]
INFO: [ app_begin ] --END-- [ RunTime:0.000000s ]
NOTIC: [2048] Declaration of Admin\Controller\PublicController::error() should be compatible with Think\Controller::error($message = '', $jumpUrl = '', $ajax = false) D:\phpCode\auth-master\Application\Admin\Controller\PublicController.class.php 第 328 行.
NOTIC: [2048] Declaration of Admin\Controller\PublicController::success() should be compatible with Think\Controller::success($message = '', $jumpUrl = '', $ajax = false) D:\phpCode\auth-master\Application\Admin\Controller\PublicController.class.php 第 328 行.
SQL: SHOW COLUMNS FROM `a_admin` [ RunTime:0.0468s ]

[ 2016-12-06T23:01:26+08:00 ] 127.0.0.1 /auth-master/Admin/Public/islogin.html
INFO: [ app_begin ] --START--
INFO: Run Behavior\ReadHtmlCacheBehavior [ RunTime:0.000000s ]
INFO: [ app_begin ] --END-- [ RunTime:0.000000s ]
NOTIC: [2048] Declaration of Admin\Controller\PublicController::error() should be compatible with Think\Controller::error($message = '', $jumpUrl = '', $ajax = false) D:\phpCode\auth-master\Application\Admin\Controller\PublicController.class.php 第 328 行.
NOTIC: [2048] Declaration of Admin\Controller\PublicController::success() should be compatible with Think\Controller::success($message = '', $jumpUrl = '', $ajax = false) D:\phpCode\auth-master\Application\Admin\Controller\PublicController.class.php 第 328 行.
SQL: SHOW COLUMNS FROM `a_admin` [ RunTime:0.0468s ]

[ 2016-12-06T23:01:35+08:00 ] 127.0.0.1 /auth-master/Admin/Public/islogin.html
INFO: [ app_begin ] --START--
INFO: Run Behavior\ReadHtmlCacheBehavior [ RunTime:0.000000s ]
INFO: [ app_begin ] --END-- [ RunTime:0.000000s ]
NOTIC: [2048] Declaration of Admin\Controller\PublicController::error() should be compatible with Think\Controller::error($message = '', $jumpUrl = '', $ajax = false) D:\phpCode\auth-master\Application\Admin\Controller\PublicController.class.php 第 328 行.
NOTIC: [2048] Declaration of Admin\Controller\PublicController::success() should be compatible with Think\Controller::success($message = '', $jumpUrl = '', $ajax = false) D:\phpCode\auth-master\Application\Admin\Controller\PublicController.class.php 第 328 行.
SQL: SHOW COLUMNS FROM `a_admin` [ RunTime:0.0312s ]

[ 2016-12-06T23:02:07+08:00 ] 127.0.0.1 /auth-master/Admin/Public/islogin.html
INFO: [ app_begin ] --START--
INFO: Run Behavior\ReadHtmlCacheBehavior [ RunTime:0.000000s ]
INFO: [ app_begin ] --END-- [ RunTime:0.000000s ]
NOTIC: [2048] Declaration of Admin\Controller\PublicController::error() should be compatible with Think\Controller::error($message = '', $jumpUrl = '', $ajax = false) D:\phpCode\auth-master\Application\Admin\Controller\PublicController.class.php 第 328 行.
NOTIC: [2048] Declaration of Admin\Controller\PublicController::success() should be compatible with Think\Controller::success($message = '', $jumpUrl = '', $ajax = false) D:\phpCode\auth-master\Application\Admin\Controller\PublicController.class.php 第 328 行.
SQL: SHOW COLUMNS FROM `a_admin` [ RunTime:0.0468s ]

[ 2016-12-06T23:02:32+08:00 ] 127.0.0.1 /auth-master/Admin/Public/islogin.html
INFO: [ app_begin ] --START--
INFO: Run Behavior\ReadHtmlCacheBehavior [ RunTime:0.000000s ]
INFO: [ app_begin ] --END-- [ RunTime:0.000000s ]
NOTIC: [2048] Declaration of Admin\Controller\PublicController::error() should be compatible with Think\Controller::error($message = '', $jumpUrl = '', $ajax = false) D:\phpCode\auth-master\Application\Admin\Controller\PublicController.class.php 第 328 行.
NOTIC: [2048] Declaration of Admin\Controller\PublicController::success() should be compatible with Think\Controller::success($message = '', $jumpUrl = '', $ajax = false) D:\phpCode\auth-master\Application\Admin\Controller\PublicController.class.php 第 328 行.
SQL: SHOW COLUMNS FROM `a_admin` [ RunTime:0.0312s ]
SQL: SHOW COLUMNS FROM `a_admin` [ RunTime:0.0468s ]
SQL: SELECT `chars` FROM a_admin a LEFT JOIN a_char c ON a.id=c.id  WHERE a.username = 'admin' AND a.status = 1 AND c.type = 0 LIMIT 1   [ RunTime:0.0000s ]
SQL: SELECT `id`,`username`,`status`,`name` FROM `a_admin` WHERE `username` = 'admin' AND `password` = '188fec1bc25ef912b6e77f6741b5c364' AND `status` = 1 LIMIT 1   [ RunTime:0.0156s ]
SQL: UPDATE `a_admin` SET `last_time`='1481036552',`last_ip`='127.0.0.1' WHERE `username` = 'admin' AND `password` = '188fec1bc25ef912b6e77f6741b5c364' AND `status` = 1 [ RunTime:0.0000s ]
SQL: SHOW COLUMNS FROM `a_group_access` [ RunTime:0.0312s ]
SQL: SHOW COLUMNS FROM `a_group` [ RunTime:0.0312s ]
SQL: SELECT `rules` FROM `a_group` WHERE `status` = 1  [ RunTime:0.0000s ]
SQL: SHOW COLUMNS FROM `a_auth_cate` [ RunTime:0.0312s ]
SQL: SELECT `module` FROM `a_auth_cate` WHERE `id` IN ('0','1','2','7','10','19','20','57','58','59','61','51','52','53','54','55','56','62','63','64','65','66','67','68','69','70','71','72') AND `level` = 0 AND `status` = 1 ORDER BY sort DESC LIMIT 1   [ RunTime:0.0000s ]

[ 2016-12-06T23:03:04+08:00 ] 127.0.0.1 /auth-master/Admin/Admin/useredit/id/2.html?_=1481036583797
INFO: [ app_begin ] --START--
INFO: Run Behavior\ReadHtmlCacheBehavior [ RunTime:0.000000s ]
INFO: [ app_begin ] --END-- [ RunTime:0.000000s ]
NOTIC: [2048] Declaration of Admin\Controller\PublicController::error() should be compatible with Think\Controller::error($message = '', $jumpUrl = '', $ajax = false) D:\phpCode\auth-master\Application\Admin\Controller\PublicController.class.php 第 328 行.
NOTIC: [2048] Declaration of Admin\Controller\PublicController::success() should be compatible with Think\Controller::success($message = '', $jumpUrl = '', $ajax = false) D:\phpCode\auth-master\Application\Admin\Controller\PublicController.class.php 第 328 行.
SQL: SHOW COLUMNS FROM `a_group_access` [ RunTime:0.0200s ]
SQL: SHOW COLUMNS FROM `a_auth_cate` [ RunTime:0.0300s ]
SQL: SELECT * FROM `a_auth_cate` WHERE `status` = 1 AND `level` = 1 AND `module` = 'Admin' ORDER BY sort DESC  [ RunTime:0.0000s ]
SQL: SELECT COUNT(*) AS tp_count FROM `a_auth_cate` WHERE `pid` = 14 AND `status` = 1 AND `is_menu` <> 0 LIMIT 1   [ RunTime:0.0000s ]
SQL: SELECT COUNT(*) AS tp_count FROM `a_auth_cate` WHERE `pid` = 2 AND `status` = 1 AND `is_menu` <> 0 LIMIT 1   [ RunTime:0.0000s ]
SQL: SELECT COUNT(*) AS tp_count FROM `a_auth_cate` WHERE `pid` = 3 AND `status` = 1 AND `is_menu` <> 0 LIMIT 1   [ RunTime:0.0000s ]
SQL: SELECT `module`,`controller`,`method`,`title`,`name` FROM `a_auth_cate` WHERE `status` = 1 AND `level` = 2 AND `is_menu` = 0 AND `module` = 'Admin' AND `controller` = 'Admin' ORDER BY sort DESC  [ RunTime:0.0000s ]
SQL: SHOW COLUMNS FROM `a_admin` [ RunTime:0.0300s ]
SQL: SELECT * FROM `a_admin` WHERE `id` = 2 AND `status` = 1 LIMIT 1   [ RunTime:0.0000s ]
SQL: SHOW COLUMNS FROM `a_group_access` [ RunTime:0.0300s ]
SQL: SELECT `group_id` FROM `a_group_access` WHERE `uid` = 2  [ RunTime:0.0000s ]
SQL: SHOW COLUMNS FROM `a_group` [ RunTime:0.0200s ]
SQL: SELECT `id`,`title` FROM `a_group` WHERE `status` = 1 ORDER BY sort DESC  [ RunTime:0.0100s ]
INFO: [ view_parse ] --START--
INFO: [ template_filter ] --START--
INFO: Run Behavior\ContentReplaceBehavior [ RunTime:0.000000s ]
INFO: [ template_filter ] --END-- [ RunTime:0.000000s ]
INFO: Run Behavior\ParseTemplateBehavior [ RunTime:0.020000s ]
INFO: [ view_parse ] --END-- [ RunTime:0.020000s ]
INFO: [ view_filter ] --START--
INFO: Run Behavior\WriteHtmlCacheBehavior [ RunTime:0.000000s ]
INFO: [ view_filter ] --END-- [ RunTime:0.000000s ]
INFO: [ app_end ] --START--
INFO: Run Behavior\ShowPageTraceBehavior [ RunTime:0.000000s ]
INFO: [ app_end ] --END-- [ RunTime:0.000000s ]

[ 2016-12-06T23:03:28+08:00 ] 127.0.0.1 /auth-master/Admin/Admin/useredit/id/1.html?_=1481036608535
INFO: [ app_begin ] --START--
INFO: Run Behavior\ReadHtmlCacheBehavior [ RunTime:0.000000s ]
INFO: [ app_begin ] --END-- [ RunTime:0.000000s ]
NOTIC: [2048] Declaration of Admin\Controller\PublicController::error() should be compatible with Think\Controller::error($message = '', $jumpUrl = '', $ajax = false) D:\phpCode\auth-master\Application\Admin\Controller\PublicController.class.php 第 328 行.
NOTIC: [2048] Declaration of Admin\Controller\PublicController::success() should be compatible with Think\Controller::success($message = '', $jumpUrl = '', $ajax = false) D:\phpCode\auth-master\Application\Admin\Controller\PublicController.class.php 第 328 行.
SQL: SHOW COLUMNS FROM `a_group_access` [ RunTime:0.0156s ]
SQL: SHOW COLUMNS FROM `a_auth_cate` [ RunTime:0.0322s ]
SQL: SELECT * FROM `a_auth_cate` WHERE `status` = 1 AND `level` = 1 AND `module` = 'Admin' ORDER BY sort DESC  [ RunTime:0.0000s ]
SQL: SELECT COUNT(*) AS tp_count FROM `a_auth_cate` WHERE `pid` = 14 AND `status` = 1 AND `is_menu` <> 0 LIMIT 1   [ RunTime:0.0000s ]
SQL: SELECT COUNT(*) AS tp_count FROM `a_auth_cate` WHERE `pid` = 2 AND `status` = 1 AND `is_menu` <> 0 LIMIT 1   [ RunTime:0.0000s ]
SQL: SELECT COUNT(*) AS tp_count FROM `a_auth_cate` WHERE `pid` = 3 AND `status` = 1 AND `is_menu` <> 0 LIMIT 1   [ RunTime:0.0000s ]
SQL: SELECT `module`,`controller`,`method`,`title`,`name` FROM `a_auth_cate` WHERE `status` = 1 AND `level` = 2 AND `is_menu` = 0 AND `module` = 'Admin' AND `controller` = 'Admin' ORDER BY sort DESC  [ RunTime:0.0000s ]
SQL: SHOW COLUMNS FROM `a_admin` [ RunTime:0.0312s ]
SQL: SELECT * FROM `a_admin` WHERE `id` = 1 AND `status` = 1 LIMIT 1   [ RunTime:0.0000s ]
SQL: SHOW COLUMNS FROM `a_group_access` [ RunTime:0.0156s ]
SQL: SELECT `group_id` FROM `a_group_access` WHERE `uid` = 1  [ RunTime:0.0000s ]
SQL: SHOW COLUMNS FROM `a_group` [ RunTime:0.0312s ]
SQL: SELECT `id`,`title` FROM `a_group` WHERE `status` = 1 ORDER BY sort DESC  [ RunTime:0.0000s ]
INFO: [ view_parse ] --START--
INFO: [ template_filter ] --START--
INFO: Run Behavior\ContentReplaceBehavior [ RunTime:0.000000s ]
INFO: [ template_filter ] --END-- [ RunTime:0.000000s ]
INFO: Run Behavior\ParseTemplateBehavior [ RunTime:0.015600s ]
INFO: [ view_parse ] --END-- [ RunTime:0.015600s ]
INFO: [ view_filter ] --START--
INFO: Run Behavior\WriteHtmlCacheBehavior [ RunTime:0.000000s ]
INFO: [ view_filter ] --END-- [ RunTime:0.000000s ]
INFO: [ app_end ] --START--
INFO: Run Behavior\ShowPageTraceBehavior [ RunTime:0.000000s ]
INFO: [ app_end ] --END-- [ RunTime:0.000000s ]

[ 2016-12-06T23:05:08+08:00 ] 127.0.0.1 /auth-master/Admin/Admin/authinfo.html?id=1&_=1481036708151
INFO: [ app_begin ] --START--
INFO: Run Behavior\ReadHtmlCacheBehavior [ RunTime:0.000000s ]
INFO: [ app_begin ] --END-- [ RunTime:0.000000s ]
NOTIC: [2048] Declaration of Admin\Controller\PublicController::error() should be compatible with Think\Controller::error($message = '', $jumpUrl = '', $ajax = false) D:\phpCode\auth-master\Application\Admin\Controller\PublicController.class.php 第 328 行.
NOTIC: [2048] Declaration of Admin\Controller\PublicController::success() should be compatible with Think\Controller::success($message = '', $jumpUrl = '', $ajax = false) D:\phpCode\auth-master\Application\Admin\Controller\PublicController.class.php 第 328 行.
SQL: SHOW COLUMNS FROM `a_group_access` [ RunTime:0.0200s ]
SQL: SHOW COLUMNS FROM `a_auth_cate` [ RunTime:0.0300s ]
SQL: SELECT * FROM `a_auth_cate` WHERE `status` = 1 AND `level` = 1 AND `module` = 'Admin' ORDER BY sort DESC  [ RunTime:0.0000s ]
SQL: SELECT COUNT(*) AS tp_count FROM `a_auth_cate` WHERE `pid` = 14 AND `status` = 1 AND `is_menu` <> 0 LIMIT 1   [ RunTime:0.0000s ]
SQL: SELECT COUNT(*) AS tp_count FROM `a_auth_cate` WHERE `pid` = 2 AND `status` = 1 AND `is_menu` <> 0 LIMIT 1   [ RunTime:0.0000s ]
SQL: SELECT COUNT(*) AS tp_count FROM `a_auth_cate` WHERE `pid` = 3 AND `status` = 1 AND `is_menu` <> 0 LIMIT 1   [ RunTime:0.0000s ]
SQL: SELECT `module`,`controller`,`method`,`title`,`name` FROM `a_auth_cate` WHERE `status` = 1 AND `level` = 2 AND `is_menu` = 0 AND `module` = 'Admin' AND `controller` = 'Admin' ORDER BY sort DESC  [ RunTime:0.0000s ]
SQL: SHOW COLUMNS FROM `a_auth_cate` [ RunTime:0.0300s ]
SQL: SELECT * FROM `a_auth_cate` WHERE `id` = 1 LIMIT 1   [ RunTime:0.0000s ]
INFO: [ view_parse ] --START--
INFO: [ template_filter ] --START--
INFO: Run Behavior\ContentReplaceBehavior [ RunTime:0.000000s ]
INFO: [ template_filter ] --END-- [ RunTime:0.000000s ]
INFO: Run Behavior\ParseTemplateBehavior [ RunTime:0.030000s ]
INFO: [ view_parse ] --END-- [ RunTime:0.030000s ]
INFO: [ view_filter ] --START--
INFO: Run Behavior\WriteHtmlCacheBehavior [ RunTime:0.000000s ]
INFO: [ view_filter ] --END-- [ RunTime:0.000000s ]
INFO: [ app_end ] --START--
INFO: Run Behavior\ShowPageTraceBehavior [ RunTime:0.000000s ]
INFO: [ app_end ] --END-- [ RunTime:0.000000s ]

[ 2016-12-06T23:05:13+08:00 ] 127.0.0.1 /auth-master/Admin/Admin/authinfo.html?id=14&_=1481036712917
INFO: [ app_begin ] --START--
INFO: Run Behavior\ReadHtmlCacheBehavior [ RunTime:0.000000s ]
INFO: [ app_begin ] --END-- [ RunTime:0.000000s ]
NOTIC: [2048] Declaration of Admin\Controller\PublicController::error() should be compatible with Think\Controller::error($message = '', $jumpUrl = '', $ajax = false) D:\phpCode\auth-master\Application\Admin\Controller\PublicController.class.php 第 328 行.
NOTIC: [2048] Declaration of Admin\Controller\PublicController::success() should be compatible with Think\Controller::success($message = '', $jumpUrl = '', $ajax = false) D:\phpCode\auth-master\Application\Admin\Controller\PublicController.class.php 第 328 行.
SQL: SHOW COLUMNS FROM `a_group_access` [ RunTime:0.0300s ]
SQL: SHOW COLUMNS FROM `a_auth_cate` [ RunTime:0.0200s ]
SQL: SELECT * FROM `a_auth_cate` WHERE `status` = 1 AND `level` = 1 AND `module` = 'Admin' ORDER BY sort DESC  [ RunTime:0.0000s ]
SQL: SELECT COUNT(*) AS tp_count FROM `a_auth_cate` WHERE `pid` = 14 AND `status` = 1 AND `is_menu` <> 0 LIMIT 1   [ RunTime:0.0000s ]
SQL: SELECT COUNT(*) AS tp_count FROM `a_auth_cate` WHERE `pid` = 2 AND `status` = 1 AND `is_menu` <> 0 LIMIT 1   [ RunTime:0.0000s ]
SQL: SELECT COUNT(*) AS tp_count FROM `a_auth_cate` WHERE `pid` = 3 AND `status` = 1 AND `is_menu` <> 0 LIMIT 1   [ RunTime:0.0000s ]
SQL: SELECT `module`,`controller`,`method`,`title`,`name` FROM `a_auth_cate` WHERE `status` = 1 AND `level` = 2 AND `is_menu` = 0 AND `module` = 'Admin' AND `controller` = 'Admin' ORDER BY sort DESC  [ RunTime:0.0000s ]
SQL: SHOW COLUMNS FROM `a_auth_cate` [ RunTime:0.0300s ]
SQL: SELECT * FROM `a_auth_cate` WHERE `id` = 14 LIMIT 1   [ RunTime:0.0000s ]
INFO: [ view_parse ] --START--
INFO: [ template_filter ] --START--
INFO: Run Behavior\ContentReplaceBehavior [ RunTime:0.000000s ]
INFO: [ template_filter ] --END-- [ RunTime:0.000000s ]
INFO: Run Behavior\ParseTemplateBehavior [ RunTime:0.020000s ]
INFO: [ view_parse ] --END-- [ RunTime:0.020000s ]
INFO: [ view_filter ] --START--
INFO: Run Behavior\WriteHtmlCacheBehavior [ RunTime:0.000000s ]
INFO: [ view_filter ] --END-- [ RunTime:0.000000s ]
INFO: [ app_end ] --START--
INFO: Run Behavior\ShowPageTraceBehavior [ RunTime:0.010000s ]
INFO: [ app_end ] --END-- [ RunTime:0.010000s ]

[ 2016-12-06T23:05:16+08:00 ] 127.0.0.1 /auth-master/Admin/Admin/authinfo.html?id=14&_=1481036715849
INFO: [ app_begin ] --START--
INFO: Run Behavior\ReadHtmlCacheBehavior [ RunTime:0.000000s ]
INFO: [ app_begin ] --END-- [ RunTime:0.000000s ]
NOTIC: [2048] Declaration of Admin\Controller\PublicController::error() should be compatible with Think\Controller::error($message = '', $jumpUrl = '', $ajax = false) D:\phpCode\auth-master\Application\Admin\Controller\PublicController.class.php 第 328 行.
NOTIC: [2048] Declaration of Admin\Controller\PublicController::success() should be compatible with Think\Controller::success($message = '', $jumpUrl = '', $ajax = false) D:\phpCode\auth-master\Application\Admin\Controller\PublicController.class.php 第 328 行.
SQL: SHOW COLUMNS FROM `a_group_access` [ RunTime:0.0200s ]
SQL: SHOW COLUMNS FROM `a_auth_cate` [ RunTime:0.0200s ]
SQL: SELECT * FROM `a_auth_cate` WHERE `status` = 1 AND `level` = 1 AND `module` = 'Admin' ORDER BY sort DESC  [ RunTime:0.0000s ]
SQL: SELECT COUNT(*) AS tp_count FROM `a_auth_cate` WHERE `pid` = 14 AND `status` = 1 AND `is_menu` <> 0 LIMIT 1   [ RunTime:0.0100s ]
SQL: SELECT COUNT(*) AS tp_count FROM `a_auth_cate` WHERE `pid` = 2 AND `status` = 1 AND `is_menu` <> 0 LIMIT 1   [ RunTime:0.0000s ]
SQL: SELECT COUNT(*) AS tp_count FROM `a_auth_cate` WHERE `pid` = 3 AND `status` = 1 AND `is_menu` <> 0 LIMIT 1   [ RunTime:0.0000s ]
SQL: SELECT `module`,`controller`,`method`,`title`,`name` FROM `a_auth_cate` WHERE `status` = 1 AND `level` = 2 AND `is_menu` = 0 AND `module` = 'Admin' AND `controller` = 'Admin' ORDER BY sort DESC  [ RunTime:0.0000s ]
SQL: SHOW COLUMNS FROM `a_auth_cate` [ RunTime:0.0300s ]
SQL: SELECT * FROM `a_auth_cate` WHERE `id` = 14 LIMIT 1   [ RunTime:0.0000s ]
INFO: [ view_parse ] --START--
INFO: [ template_filter ] --START--
INFO: Run Behavior\ContentReplaceBehavior [ RunTime:0.000000s ]
INFO: [ template_filter ] --END-- [ RunTime:0.000000s ]
INFO: Run Behavior\ParseTemplateBehavior [ RunTime:0.020000s ]
INFO: [ view_parse ] --END-- [ RunTime:0.020000s ]
INFO: [ view_filter ] --START--
INFO: Run Behavior\WriteHtmlCacheBehavior [ RunTime:0.000000s ]
INFO: [ view_filter ] --END-- [ RunTime:0.000000s ]
INFO: [ app_end ] --START--
INFO: Run Behavior\ShowPageTraceBehavior [ RunTime:0.000000s ]
INFO: [ app_end ] --END-- [ RunTime:0.000000s ]

[ 2016-12-06T23:05:18+08:00 ] 127.0.0.1 /auth-master/Admin/Admin/authinfo.html?id=2&_=1481036717886
INFO: [ app_begin ] --START--
INFO: Run Behavior\ReadHtmlCacheBehavior [ RunTime:0.000000s ]
INFO: [ app_begin ] --END-- [ RunTime:0.000000s ]
NOTIC: [2048] Declaration of Admin\Controller\PublicController::error() should be compatible with Think\Controller::error($message = '', $jumpUrl = '', $ajax = false) D:\phpCode\auth-master\Application\Admin\Controller\PublicController.class.php 第 328 行.
NOTIC: [2048] Declaration of Admin\Controller\PublicController::success() should be compatible with Think\Controller::success($message = '', $jumpUrl = '', $ajax = false) D:\phpCode\auth-master\Application\Admin\Controller\PublicController.class.php 第 328 行.
SQL: SHOW COLUMNS FROM `a_group_access` [ RunTime:0.0200s ]
SQL: SHOW COLUMNS FROM `a_auth_cate` [ RunTime:0.0300s ]
SQL: SELECT * FROM `a_auth_cate` WHERE `status` = 1 AND `level` = 1 AND `module` = 'Admin' ORDER BY sort DESC  [ RunTime:0.0000s ]
SQL: SELECT COUNT(*) AS tp_count FROM `a_auth_cate` WHERE `pid` = 14 AND `status` = 1 AND `is_menu` <> 0 LIMIT 1   [ RunTime:0.0000s ]
SQL: SELECT COUNT(*) AS tp_count FROM `a_auth_cate` WHERE `pid` = 2 AND `status` = 1 AND `is_menu` <> 0 LIMIT 1   [ RunTime:0.0000s ]
SQL: SELECT COUNT(*) AS tp_count FROM `a_auth_cate` WHERE `pid` = 3 AND `status` = 1 AND `is_menu` <> 0 LIMIT 1   [ RunTime:0.0000s ]
SQL: SELECT `module`,`controller`,`method`,`title`,`name` FROM `a_auth_cate` WHERE `status` = 1 AND `level` = 2 AND `is_menu` = 0 AND `module` = 'Admin' AND `controller` = 'Admin' ORDER BY sort DESC  [ RunTime:0.0000s ]
SQL: SHOW COLUMNS FROM `a_auth_cate` [ RunTime:0.0300s ]
SQL: SELECT * FROM `a_auth_cate` WHERE `id` = 2 LIMIT 1   [ RunTime:0.0000s ]
INFO: [ view_parse ] --START--
INFO: [ template_filter ] --START--
INFO: Run Behavior\ContentReplaceBehavior [ RunTime:0.000000s ]
INFO: [ template_filter ] --END-- [ RunTime:0.000000s ]
INFO: Run Behavior\ParseTemplateBehavior [ RunTime:0.020000s ]
INFO: [ view_parse ] --END-- [ RunTime:0.020000s ]
INFO: [ view_filter ] --START--
INFO: Run Behavior\WriteHtmlCacheBehavior [ RunTime:0.000000s ]
INFO: [ view_filter ] --END-- [ RunTime:0.010000s ]
INFO: [ app_end ] --START--
INFO: Run Behavior\ShowPageTraceBehavior [ RunTime:0.000000s ]
INFO: [ app_end ] --END-- [ RunTime:0.000000s ]

[ 2016-12-06T23:05:19+08:00 ] 127.0.0.1 /auth-master/Admin/Admin/authinfo.html?id=3&_=1481036719510
INFO: [ app_begin ] --START--
INFO: Run Behavior\ReadHtmlCacheBehavior [ RunTime:0.000000s ]
INFO: [ app_begin ] --END-- [ RunTime:0.000000s ]
NOTIC: [2048] Declaration of Admin\Controller\PublicController::error() should be compatible with Think\Controller::error($message = '', $jumpUrl = '', $ajax = false) D:\phpCode\auth-master\Application\Admin\Controller\PublicController.class.php 第 328 行.
NOTIC: [2048] Declaration of Admin\Controller\PublicController::success() should be compatible with Think\Controller::success($message = '', $jumpUrl = '', $ajax = false) D:\phpCode\auth-master\Application\Admin\Controller\PublicController.class.php 第 328 行.
SQL: SHOW COLUMNS FROM `a_group_access` [ RunTime:0.0300s ]
SQL: SHOW COLUMNS FROM `a_auth_cate` [ RunTime:0.0200s ]
SQL: SELECT * FROM `a_auth_cate` WHERE `status` = 1 AND `level` = 1 AND `module` = 'Admin' ORDER BY sort DESC  [ RunTime:0.0000s ]
SQL: SELECT COUNT(*) AS tp_count FROM `a_auth_cate` WHERE `pid` = 14 AND `status` = 1 AND `is_menu` <> 0 LIMIT 1   [ RunTime:0.0000s ]
SQL: SELECT COUNT(*) AS tp_count FROM `a_auth_cate` WHERE `pid` = 2 AND `status` = 1 AND `is_menu` <> 0 LIMIT 1   [ RunTime:0.0000s ]
SQL: SELECT COUNT(*) AS tp_count FROM `a_auth_cate` WHERE `pid` = 3 AND `status` = 1 AND `is_menu` <> 0 LIMIT 1   [ RunTime:0.0000s ]
SQL: SELECT `module`,`controller`,`method`,`title`,`name` FROM `a_auth_cate` WHERE `status` = 1 AND `level` = 2 AND `is_menu` = 0 AND `module` = 'Admin' AND `controller` = 'Admin' ORDER BY sort DESC  [ RunTime:0.0000s ]
SQL: SHOW COLUMNS FROM `a_auth_cate` [ RunTime:0.0300s ]
SQL: SELECT * FROM `a_auth_cate` WHERE `id` = 3 LIMIT 1   [ RunTime:0.0000s ]
INFO: [ view_parse ] --START--
INFO: [ template_filter ] --START--
INFO: Run Behavior\ContentReplaceBehavior [ RunTime:0.000000s ]
INFO: [ template_filter ] --END-- [ RunTime:0.000000s ]
INFO: Run Behavior\ParseTemplateBehavior [ RunTime:0.020000s ]
INFO: [ view_parse ] --END-- [ RunTime:0.020000s ]
INFO: [ view_filter ] --START--
INFO: Run Behavior\WriteHtmlCacheBehavior [ RunTime:0.000000s ]
INFO: [ view_filter ] --END-- [ RunTime:0.000000s ]
INFO: [ app_end ] --START--
INFO: Run Behavior\ShowPageTraceBehavior [ RunTime:0.000000s ]
INFO: [ app_end ] --END-- [ RunTime:0.000000s ]

[ 2016-12-06T23:05:22+08:00 ] 127.0.0.1 /auth-master/Admin/Admin/authinfo.html?id=16&_=1481036722512
INFO: [ app_begin ] --START--
INFO: Run Behavior\ReadHtmlCacheBehavior [ RunTime:0.000000s ]
INFO: [ app_begin ] --END-- [ RunTime:0.000000s ]
NOTIC: [2048] Declaration of Admin\Controller\PublicController::error() should be compatible with Think\Controller::error($message = '', $jumpUrl = '', $ajax = false) D:\phpCode\auth-master\Application\Admin\Controller\PublicController.class.php 第 328 行.
NOTIC: [2048] Declaration of Admin\Controller\PublicController::success() should be compatible with Think\Controller::success($message = '', $jumpUrl = '', $ajax = false) D:\phpCode\auth-master\Application\Admin\Controller\PublicController.class.php 第 328 行.
SQL: SHOW COLUMNS FROM `a_group_access` [ RunTime:0.0200s ]
SQL: SHOW COLUMNS FROM `a_auth_cate` [ RunTime:0.0300s ]
SQL: SELECT * FROM `a_auth_cate` WHERE `status` = 1 AND `level` = 1 AND `module` = 'Admin' ORDER BY sort DESC  [ RunTime:0.0000s ]
SQL: SELECT COUNT(*) AS tp_count FROM `a_auth_cate` WHERE `pid` = 14 AND `status` = 1 AND `is_menu` <> 0 LIMIT 1   [ RunTime:0.0000s ]
SQL: SELECT COUNT(*) AS tp_count FROM `a_auth_cate` WHERE `pid` = 2 AND `status` = 1 AND `is_menu` <> 0 LIMIT 1   [ RunTime:0.0000s ]
SQL: SELECT COUNT(*) AS tp_count FROM `a_auth_cate` WHERE `pid` = 3 AND `status` = 1 AND `is_menu` <> 0 LIMIT 1   [ RunTime:0.0000s ]
SQL: SELECT `module`,`controller`,`method`,`title`,`name` FROM `a_auth_cate` WHERE `status` = 1 AND `level` = 2 AND `is_menu` = 0 AND `module` = 'Admin' AND `controller` = 'Admin' ORDER BY sort DESC  [ RunTime:0.0000s ]
SQL: SHOW COLUMNS FROM `a_auth_cate` [ RunTime:0.0200s ]
SQL: SELECT * FROM `a_auth_cate` WHERE `id` = 16 LIMIT 1   [ RunTime:0.0000s ]
INFO: [ view_parse ] --START--
INFO: [ template_filter ] --START--
INFO: Run Behavior\ContentReplaceBehavior [ RunTime:0.000000s ]
INFO: [ template_filter ] --END-- [ RunTime:0.000000s ]
INFO: Run Behavior\ParseTemplateBehavior [ RunTime:0.030000s ]
INFO: [ view_parse ] --END-- [ RunTime:0.030000s ]
INFO: [ view_filter ] --START--
INFO: Run Behavior\WriteHtmlCacheBehavior [ RunTime:0.000000s ]
INFO: [ view_filter ] --END-- [ RunTime:0.000000s ]
INFO: [ app_end ] --START--
INFO: Run Behavior\ShowPageTraceBehavior [ RunTime:0.000000s ]
INFO: [ app_end ] --END-- [ RunTime:0.000000s ]

[ 2016-12-06T23:05:23+08:00 ] 127.0.0.1 /auth-master/Admin/Admin/authinfo.html?id=24&_=1481036723735
INFO: [ app_begin ] --START--
INFO: Run Behavior\ReadHtmlCacheBehavior [ RunTime:0.000000s ]
INFO: [ app_begin ] --END-- [ RunTime:0.000000s ]
NOTIC: [2048] Declaration of Admin\Controller\PublicController::error() should be compatible with Think\Controller::error($message = '', $jumpUrl = '', $ajax = false) D:\phpCode\auth-master\Application\Admin\Controller\PublicController.class.php 第 328 行.
NOTIC: [2048] Declaration of Admin\Controller\PublicController::success() should be compatible with Think\Controller::success($message = '', $jumpUrl = '', $ajax = false) D:\phpCode\auth-master\Application\Admin\Controller\PublicController.class.php 第 328 行.
SQL: SHOW COLUMNS FROM `a_group_access` [ RunTime:0.0200s ]
SQL: SHOW COLUMNS FROM `a_auth_cate` [ RunTime:0.0300s ]
SQL: SELECT * FROM `a_auth_cate` WHERE `status` = 1 AND `level` = 1 AND `module` = 'Admin' ORDER BY sort DESC  [ RunTime:0.0000s ]
SQL: SELECT COUNT(*) AS tp_count FROM `a_auth_cate` WHERE `pid` = 14 AND `status` = 1 AND `is_menu` <> 0 LIMIT 1   [ RunTime:0.0000s ]
SQL: SELECT COUNT(*) AS tp_count FROM `a_auth_cate` WHERE `pid` = 2 AND `status` = 1 AND `is_menu` <> 0 LIMIT 1   [ RunTime:0.0000s ]
SQL: SELECT COUNT(*) AS tp_count FROM `a_auth_cate` WHERE `pid` = 3 AND `status` = 1 AND `is_menu` <> 0 LIMIT 1   [ RunTime:0.0000s ]
SQL: SELECT `module`,`controller`,`method`,`title`,`name` FROM `a_auth_cate` WHERE `status` = 1 AND `level` = 2 AND `is_menu` = 0 AND `module` = 'Admin' AND `controller` = 'Admin' ORDER BY sort DESC  [ RunTime:0.0000s ]
SQL: SHOW COLUMNS FROM `a_auth_cate` [ RunTime:0.0200s ]
SQL: SELECT * FROM `a_auth_cate` WHERE `id` = 24 LIMIT 1   [ RunTime:0.0100s ]
INFO: [ view_parse ] --START--
INFO: [ template_filter ] --START--
INFO: Run Behavior\ContentReplaceBehavior [ RunTime:0.000000s ]
INFO: [ template_filter ] --END-- [ RunTime:0.000000s ]
INFO: Run Behavior\ParseTemplateBehavior [ RunTime:0.020000s ]
INFO: [ view_parse ] --END-- [ RunTime:0.020000s ]
INFO: [ view_filter ] --START--
INFO: Run Behavior\WriteHtmlCacheBehavior [ RunTime:0.000000s ]
INFO: [ view_filter ] --END-- [ RunTime:0.000000s ]
INFO: [ app_end ] --START--
INFO: Run Behavior\ShowPageTraceBehavior [ RunTime:0.000000s ]
INFO: [ app_end ] --END-- [ RunTime:0.000000s ]

[ 2016-12-06T23:05:24+08:00 ] 127.0.0.1 /auth-master/Admin/Admin/authinfo.html?id=25&_=1481036724465
INFO: [ app_begin ] --START--
INFO: Run Behavior\ReadHtmlCacheBehavior [ RunTime:0.000000s ]
INFO: [ app_begin ] --END-- [ RunTime:0.000000s ]
NOTIC: [2048] Declaration of Admin\Controller\PublicController::error() should be compatible with Think\Controller::error($message = '', $jumpUrl = '', $ajax = false) D:\phpCode\auth-master\Application\Admin\Controller\PublicController.class.php 第 328 行.
NOTIC: [2048] Declaration of Admin\Controller\PublicController::success() should be compatible with Think\Controller::success($message = '', $jumpUrl = '', $ajax = false) D:\phpCode\auth-master\Application\Admin\Controller\PublicController.class.php 第 328 行.
SQL: SHOW COLUMNS FROM `a_group_access` [ RunTime:0.0230s ]
SQL: SHOW COLUMNS FROM `a_auth_cate` [ RunTime:0.0200s ]
SQL: SELECT * FROM `a_auth_cate` WHERE `status` = 1 AND `level` = 1 AND `module` = 'Admin' ORDER BY sort DESC  [ RunTime:0.0100s ]
SQL: SELECT COUNT(*) AS tp_count FROM `a_auth_cate` WHERE `pid` = 14 AND `status` = 1 AND `is_menu` <> 0 LIMIT 1   [ RunTime:0.0000s ]
SQL: SELECT COUNT(*) AS tp_count FROM `a_auth_cate` WHERE `pid` = 2 AND `status` = 1 AND `is_menu` <> 0 LIMIT 1   [ RunTime:0.0000s ]
SQL: SELECT COUNT(*) AS tp_count FROM `a_auth_cate` WHERE `pid` = 3 AND `status` = 1 AND `is_menu` <> 0 LIMIT 1   [ RunTime:0.0000s ]
SQL: SELECT `module`,`controller`,`method`,`title`,`name` FROM `a_auth_cate` WHERE `status` = 1 AND `level` = 2 AND `is_menu` = 0 AND `module` = 'Admin' AND `controller` = 'Admin' ORDER BY sort DESC  [ RunTime:0.0000s ]
SQL: SHOW COLUMNS FROM `a_auth_cate` [ RunTime:0.0300s ]
SQL: SELECT * FROM `a_auth_cate` WHERE `id` = 25 LIMIT 1   [ RunTime:0.0000s ]
INFO: [ view_parse ] --START--
INFO: [ template_filter ] --START--
INFO: Run Behavior\ContentReplaceBehavior [ RunTime:0.000000s ]
INFO: [ template_filter ] --END-- [ RunTime:0.000000s ]
INFO: Run Behavior\ParseTemplateBehavior [ RunTime:0.030001s ]
INFO: [ view_parse ] --END-- [ RunTime:0.030001s ]
INFO: [ view_filter ] --START--
INFO: Run Behavior\WriteHtmlCacheBehavior [ RunTime:0.000000s ]
INFO: [ view_filter ] --END-- [ RunTime:0.000000s ]
INFO: [ app_end ] --START--
INFO: Run Behavior\ShowPageTraceBehavior [ RunTime:0.000000s ]
INFO: [ app_end ] --END-- [ RunTime:0.000000s ]

[ 2016-12-06T23:05:34+08:00 ] 127.0.0.1 /auth-master/Admin/Admin/authinfo.html?id=20&_=1481036734386
INFO: [ app_begin ] --START--
INFO: Run Behavior\ReadHtmlCacheBehavior [ RunTime:0.000000s ]
INFO: [ app_begin ] --END-- [ RunTime:0.000000s ]
NOTIC: [2048] Declaration of Admin\Controller\PublicController::error() should be compatible with Think\Controller::error($message = '', $jumpUrl = '', $ajax = false) D:\phpCode\auth-master\Application\Admin\Controller\PublicController.class.php 第 328 行.
NOTIC: [2048] Declaration of Admin\Controller\PublicController::success() should be compatible with Think\Controller::success($message = '', $jumpUrl = '', $ajax = false) D:\phpCode\auth-master\Application\Admin\Controller\PublicController.class.php 第 328 行.
SQL: SHOW COLUMNS FROM `a_group_access` [ RunTime:0.0156s ]
SQL: SHOW COLUMNS FROM `a_auth_cate` [ RunTime:0.0156s ]
SQL: SELECT * FROM `a_auth_cate` WHERE `status` = 1 AND `level` = 1 AND `module` = 'Admin' ORDER BY sort DESC  [ RunTime:0.0000s ]
SQL: SELECT COUNT(*) AS tp_count FROM `a_auth_cate` WHERE `pid` = 14 AND `status` = 1 AND `is_menu` <> 0 LIMIT 1   [ RunTime:0.0000s ]
SQL: SELECT COUNT(*) AS tp_count FROM `a_auth_cate` WHERE `pid` = 2 AND `status` = 1 AND `is_menu` <> 0 LIMIT 1   [ RunTime:0.0000s ]
SQL: SELECT COUNT(*) AS tp_count FROM `a_auth_cate` WHERE `pid` = 3 AND `status` = 1 AND `is_menu` <> 0 LIMIT 1   [ RunTime:0.0000s ]
SQL: SELECT `module`,`controller`,`method`,`title`,`name` FROM `a_auth_cate` WHERE `status` = 1 AND `level` = 2 AND `is_menu` = 0 AND `module` = 'Admin' AND `controller` = 'Admin' ORDER BY sort DESC  [ RunTime:0.0000s ]
SQL: SHOW COLUMNS FROM `a_auth_cate` [ RunTime:0.0312s ]
SQL: SELECT * FROM `a_auth_cate` WHERE `id` = 20 LIMIT 1   [ RunTime:0.0000s ]
INFO: [ view_parse ] --START--
INFO: [ template_filter ] --START--
INFO: Run Behavior\ContentReplaceBehavior [ RunTime:0.000000s ]
INFO: [ template_filter ] --END-- [ RunTime:0.000000s ]
INFO: Run Behavior\ParseTemplateBehavior [ RunTime:0.015600s ]
INFO: [ view_parse ] --END-- [ RunTime:0.015600s ]
INFO: [ view_filter ] --START--
INFO: Run Behavior\WriteHtmlCacheBehavior [ RunTime:0.015600s ]
INFO: [ view_filter ] --END-- [ RunTime:0.015600s ]
INFO: [ app_end ] --START--
INFO: Run Behavior\ShowPageTraceBehavior [ RunTime:0.000000s ]
INFO: [ app_end ] --END-- [ RunTime:0.000000s ]

[ 2016-12-06T23:05:37+08:00 ] 127.0.0.1 /auth-master/Admin/Admin/authinfo.html?id=19&_=1481036736931
INFO: [ app_begin ] --START--
INFO: Run Behavior\ReadHtmlCacheBehavior [ RunTime:0.015600s ]
INFO: [ app_begin ] --END-- [ RunTime:0.015600s ]
NOTIC: [2048] Declaration of Admin\Controller\PublicController::error() should be compatible with Think\Controller::error($message = '', $jumpUrl = '', $ajax = false) D:\phpCode\auth-master\Application\Admin\Controller\PublicController.class.php 第 328 行.
NOTIC: [2048] Declaration of Admin\Controller\PublicController::success() should be compatible with Think\Controller::success($message = '', $jumpUrl = '', $ajax = false) D:\phpCode\auth-master\Application\Admin\Controller\PublicController.class.php 第 328 行.
SQL: SHOW COLUMNS FROM `a_group_access` [ RunTime:0.0156s ]
SQL: SHOW COLUMNS FROM `a_auth_cate` [ RunTime:0.0312s ]
SQL: SELECT * FROM `a_auth_cate` WHERE `status` = 1 AND `level` = 1 AND `module` = 'Admin' ORDER BY sort DESC  [ RunTime:0.0156s ]
SQL: SELECT COUNT(*) AS tp_count FROM `a_auth_cate` WHERE `pid` = 14 AND `status` = 1 AND `is_menu` <> 0 LIMIT 1   [ RunTime:0.0010s ]
SQL: SELECT COUNT(*) AS tp_count FROM `a_auth_cate` WHERE `pid` = 2 AND `status` = 1 AND `is_menu` <> 0 LIMIT 1   [ RunTime:0.0000s ]
SQL: SELECT COUNT(*) AS tp_count FROM `a_auth_cate` WHERE `pid` = 3 AND `status` = 1 AND `is_menu` <> 0 LIMIT 1   [ RunTime:0.0000s ]
SQL: SELECT `module`,`controller`,`method`,`title`,`name` FROM `a_auth_cate` WHERE `status` = 1 AND `level` = 2 AND `is_menu` = 0 AND `module` = 'Admin' AND `controller` = 'Admin' ORDER BY sort DESC  [ RunTime:0.0000s ]
SQL: SHOW COLUMNS FROM `a_auth_cate` [ RunTime:0.0156s ]
SQL: SELECT * FROM `a_auth_cate` WHERE `id` = 19 LIMIT 1   [ RunTime:0.0156s ]
INFO: [ view_parse ] --START--
INFO: [ template_filter ] --START--
INFO: Run Behavior\ContentReplaceBehavior [ RunTime:0.000000s ]
INFO: [ template_filter ] --END-- [ RunTime:0.000000s ]
INFO: Run Behavior\ParseTemplateBehavior [ RunTime:0.015600s ]
INFO: [ view_parse ] --END-- [ RunTime:0.015600s ]
INFO: [ view_filter ] --START--
INFO: Run Behavior\WriteHtmlCacheBehavior [ RunTime:0.000000s ]
INFO: [ view_filter ] --END-- [ RunTime:0.000000s ]
INFO: [ app_end ] --START--
INFO: Run Behavior\ShowPageTraceBehavior [ RunTime:0.000000s ]
INFO: [ app_end ] --END-- [ RunTime:0.000000s ]

[ 2016-12-06T23:05:40+08:00 ] 127.0.0.1 /auth-master/Admin/Admin/authinfo.html?id=10&_=1481036740053
INFO: [ app_begin ] --START--
INFO: Run Behavior\ReadHtmlCacheBehavior [ RunTime:0.000000s ]
INFO: [ app_begin ] --END-- [ RunTime:0.000000s ]
NOTIC: [2048] Declaration of Admin\Controller\PublicController::error() should be compatible with Think\Controller::error($message = '', $jumpUrl = '', $ajax = false) D:\phpCode\auth-master\Application\Admin\Controller\PublicController.class.php 第 328 行.
NOTIC: [2048] Declaration of Admin\Controller\PublicController::success() should be compatible with Think\Controller::success($message = '', $jumpUrl = '', $ajax = false) D:\phpCode\auth-master\Application\Admin\Controller\PublicController.class.php 第 328 行.
SQL: SHOW COLUMNS FROM `a_group_access` [ RunTime:0.0312s ]
SQL: SHOW COLUMNS FROM `a_auth_cate` [ RunTime:0.0156s ]
SQL: SELECT * FROM `a_auth_cate` WHERE `status` = 1 AND `level` = 1 AND `module` = 'Admin' ORDER BY sort DESC  [ RunTime:0.0000s ]
SQL: SELECT COUNT(*) AS tp_count FROM `a_auth_cate` WHERE `pid` = 14 AND `status` = 1 AND `is_menu` <> 0 LIMIT 1   [ RunTime:0.0000s ]
SQL: SELECT COUNT(*) AS tp_count FROM `a_auth_cate` WHERE `pid` = 2 AND `status` = 1 AND `is_menu` <> 0 LIMIT 1   [ RunTime:0.0156s ]
SQL: SELECT COUNT(*) AS tp_count FROM `a_auth_cate` WHERE `pid` = 3 AND `status` = 1 AND `is_menu` <> 0 LIMIT 1   [ RunTime:0.0000s ]
SQL: SELECT `module`,`controller`,`method`,`title`,`name` FROM `a_auth_cate` WHERE `status` = 1 AND `level` = 2 AND `is_menu` = 0 AND `module` = 'Admin' AND `controller` = 'Admin' ORDER BY sort DESC  [ RunTime:0.0000s ]
SQL: SHOW COLUMNS FROM `a_auth_cate` [ RunTime:0.0156s ]
SQL: SELECT * FROM `a_auth_cate` WHERE `id` = 10 LIMIT 1   [ RunTime:0.0000s ]
INFO: [ view_parse ] --START--
INFO: [ template_filter ] --START--
INFO: Run Behavior\ContentReplaceBehavior [ RunTime:0.000000s ]
INFO: [ template_filter ] --END-- [ RunTime:0.000000s ]
INFO: Run Behavior\ParseTemplateBehavior [ RunTime:0.031200s ]
INFO: [ view_parse ] --END-- [ RunTime:0.031200s ]
INFO: [ view_filter ] --START--
INFO: Run Behavior\WriteHtmlCacheBehavior [ RunTime:0.000000s ]
INFO: [ view_filter ] --END-- [ RunTime:0.000000s ]
INFO: [ app_end ] --START--
INFO: Run Behavior\ShowPageTraceBehavior [ RunTime:0.000000s ]
INFO: [ app_end ] --END-- [ RunTime:0.000000s ]

[ 2016-12-06T23:05:46+08:00 ] 127.0.0.1 /auth-master/Admin/Admin/authinfo.html?id=3&_=1481036746269
INFO: [ app_begin ] --START--
INFO: Run Behavior\ReadHtmlCacheBehavior [ RunTime:0.000000s ]
INFO: [ app_begin ] --END-- [ RunTime:0.000000s ]
NOTIC: [2048] Declaration of Admin\Controller\PublicController::error() should be compatible with Think\Controller::error($message = '', $jumpUrl = '', $ajax = false) D:\phpCode\auth-master\Application\Admin\Controller\PublicController.class.php 第 328 行.
NOTIC: [2048] Declaration of Admin\Controller\PublicController::success() should be compatible with Think\Controller::success($message = '', $jumpUrl = '', $ajax = false) D:\phpCode\auth-master\Application\Admin\Controller\PublicController.class.php 第 328 行.
SQL: SHOW COLUMNS FROM `a_group_access` [ RunTime:0.0312s ]
SQL: SHOW COLUMNS FROM `a_auth_cate` [ RunTime:0.0156s ]
SQL: SELECT * FROM `a_auth_cate` WHERE `status` = 1 AND `level` = 1 AND `module` = 'Admin' ORDER BY sort DESC  [ RunTime:0.0000s ]
SQL: SELECT COUNT(*) AS tp_count FROM `a_auth_cate` WHERE `pid` = 14 AND `status` = 1 AND `is_menu` <> 0 LIMIT 1   [ RunTime:0.0000s ]
SQL: SELECT COUNT(*) AS tp_count FROM `a_auth_cate` WHERE `pid` = 2 AND `status` = 1 AND `is_menu` <> 0 LIMIT 1   [ RunTime:0.0000s ]
SQL: SELECT COUNT(*) AS tp_count FROM `a_auth_cate` WHERE `pid` = 3 AND `status` = 1 AND `is_menu` <> 0 LIMIT 1   [ RunTime:0.0000s ]
SQL: SELECT `module`,`controller`,`method`,`title`,`name` FROM `a_auth_cate` WHERE `status` = 1 AND `level` = 2 AND `is_menu` = 0 AND `module` = 'Admin' AND `controller` = 'Admin' ORDER BY sort DESC  [ RunTime:0.0000s ]
SQL: SHOW COLUMNS FROM `a_auth_cate` [ RunTime:0.0156s ]
SQL: SELECT * FROM `a_auth_cate` WHERE `id` = 3 LIMIT 1   [ RunTime:0.0000s ]
INFO: [ view_parse ] --START--
INFO: [ template_filter ] --START--
INFO: Run Behavior\ContentReplaceBehavior [ RunTime:0.000000s ]
INFO: [ template_filter ] --END-- [ RunTime:0.000000s ]
INFO: Run Behavior\ParseTemplateBehavior [ RunTime:0.031201s ]
INFO: [ view_parse ] --END-- [ RunTime:0.031201s ]
INFO: [ view_filter ] --START--
INFO: Run Behavior\WriteHtmlCacheBehavior [ RunTime:0.000000s ]
INFO: [ view_filter ] --END-- [ RunTime:0.000000s ]
INFO: [ app_end ] --START--
INFO: Run Behavior\ShowPageTraceBehavior [ RunTime:0.000000s ]
INFO: [ app_end ] --END-- [ RunTime:0.000000s ]

[ 2016-12-06T23:05:49+08:00 ] 127.0.0.1 /auth-master/Admin/Admin/authinfo.html?id=2&_=1481036749532
INFO: [ app_begin ] --START--
INFO: Run Behavior\ReadHtmlCacheBehavior [ RunTime:0.000000s ]
INFO: [ app_begin ] --END-- [ RunTime:0.000000s ]
NOTIC: [2048] Declaration of Admin\Controller\PublicController::error() should be compatible with Think\Controller::error($message = '', $jumpUrl = '', $ajax = false) D:\phpCode\auth-master\Application\Admin\Controller\PublicController.class.php 第 328 行.
NOTIC: [2048] Declaration of Admin\Controller\PublicController::success() should be compatible with Think\Controller::success($message = '', $jumpUrl = '', $ajax = false) D:\phpCode\auth-master\Application\Admin\Controller\PublicController.class.php 第 328 行.
SQL: SHOW COLUMNS FROM `a_group_access` [ RunTime:0.0312s ]
SQL: SHOW COLUMNS FROM `a_auth_cate` [ RunTime:0.0156s ]
SQL: SELECT * FROM `a_auth_cate` WHERE `status` = 1 AND `level` = 1 AND `module` = 'Admin' ORDER BY sort DESC  [ RunTime:0.0000s ]
SQL: SELECT COUNT(*) AS tp_count FROM `a_auth_cate` WHERE `pid` = 14 AND `status` = 1 AND `is_menu` <> 0 LIMIT 1   [ RunTime:0.0000s ]
SQL: SELECT COUNT(*) AS tp_count FROM `a_auth_cate` WHERE `pid` = 2 AND `status` = 1 AND `is_menu` <> 0 LIMIT 1   [ RunTime:0.0000s ]
SQL: SELECT COUNT(*) AS tp_count FROM `a_auth_cate` WHERE `pid` = 3 AND `status` = 1 AND `is_menu` <> 0 LIMIT 1   [ RunTime:0.0000s ]
SQL: SELECT `module`,`controller`,`method`,`title`,`name` FROM `a_auth_cate` WHERE `status` = 1 AND `level` = 2 AND `is_menu` = 0 AND `module` = 'Admin' AND `controller` = 'Admin' ORDER BY sort DESC  [ RunTime:0.0000s ]
SQL: SHOW COLUMNS FROM `a_auth_cate` [ RunTime:0.0156s ]
SQL: SELECT * FROM `a_auth_cate` WHERE `id` = 2 LIMIT 1   [ RunTime:0.0000s ]
INFO: [ view_parse ] --START--
INFO: [ template_filter ] --START--
INFO: Run Behavior\ContentReplaceBehavior [ RunTime:0.000000s ]
INFO: [ template_filter ] --END-- [ RunTime:0.000000s ]
INFO: Run Behavior\ParseTemplateBehavior [ RunTime:0.022601s ]
INFO: [ view_parse ] --END-- [ RunTime:0.022601s ]
INFO: [ view_filter ] --START--
INFO: Run Behavior\WriteHtmlCacheBehavior [ RunTime:0.000000s ]
INFO: [ view_filter ] --END-- [ RunTime:0.000000s ]
INFO: [ app_end ] --START--
INFO: Run Behavior\ShowPageTraceBehavior [ RunTime:0.000000s ]
INFO: [ app_end ] --END-- [ RunTime:0.000000s ]

[ 2016-12-06T23:05:52+08:00 ] 127.0.0.1 /auth-master/Admin/Admin/authinfo.html?id=1&_=1481036752770
INFO: [ app_begin ] --START--
INFO: Run Behavior\ReadHtmlCacheBehavior [ RunTime:0.000000s ]
INFO: [ app_begin ] --END-- [ RunTime:0.000000s ]
NOTIC: [2048] Declaration of Admin\Controller\PublicController::error() should be compatible with Think\Controller::error($message = '', $jumpUrl = '', $ajax = false) D:\phpCode\auth-master\Application\Admin\Controller\PublicController.class.php 第 328 行.
NOTIC: [2048] Declaration of Admin\Controller\PublicController::success() should be compatible with Think\Controller::success($message = '', $jumpUrl = '', $ajax = false) D:\phpCode\auth-master\Application\Admin\Controller\PublicController.class.php 第 328 行.
SQL: SHOW COLUMNS FROM `a_group_access` [ RunTime:0.0156s ]
SQL: SHOW COLUMNS FROM `a_auth_cate` [ RunTime:0.0312s ]
SQL: SELECT * FROM `a_auth_cate` WHERE `status` = 1 AND `level` = 1 AND `module` = 'Admin' ORDER BY sort DESC  [ RunTime:0.0000s ]
SQL: SELECT COUNT(*) AS tp_count FROM `a_auth_cate` WHERE `pid` = 14 AND `status` = 1 AND `is_menu` <> 0 LIMIT 1   [ RunTime:0.0000s ]
SQL: SELECT COUNT(*) AS tp_count FROM `a_auth_cate` WHERE `pid` = 2 AND `status` = 1 AND `is_menu` <> 0 LIMIT 1   [ RunTime:0.0000s ]
SQL: SELECT COUNT(*) AS tp_count FROM `a_auth_cate` WHERE `pid` = 3 AND `status` = 1 AND `is_menu` <> 0 LIMIT 1   [ RunTime:0.0000s ]
SQL: SELECT `module`,`controller`,`method`,`title`,`name` FROM `a_auth_cate` WHERE `status` = 1 AND `level` = 2 AND `is_menu` = 0 AND `module` = 'Admin' AND `controller` = 'Admin' ORDER BY sort DESC  [ RunTime:0.0000s ]
SQL: SHOW COLUMNS FROM `a_auth_cate` [ RunTime:0.0312s ]
SQL: SELECT * FROM `a_auth_cate` WHERE `id` = 1 LIMIT 1   [ RunTime:0.0000s ]
INFO: [ view_parse ] --START--
INFO: [ template_filter ] --START--
INFO: Run Behavior\ContentReplaceBehavior [ RunTime:0.000000s ]
INFO: [ template_filter ] --END-- [ RunTime:0.000000s ]
INFO: Run Behavior\ParseTemplateBehavior [ RunTime:0.015600s ]
INFO: [ view_parse ] --END-- [ RunTime:0.015600s ]
INFO: [ view_filter ] --START--
INFO: Run Behavior\WriteHtmlCacheBehavior [ RunTime:0.000000s ]
INFO: [ view_filter ] --END-- [ RunTime:0.000000s ]
INFO: [ app_end ] --START--
INFO: Run Behavior\ShowPageTraceBehavior [ RunTime:0.000000s ]
INFO: [ app_end ] --END-- [ RunTime:0.000000s ]

[ 2016-12-06T23:06:04+08:00 ] 127.0.0.1 /auth-master/Admin/Admin/groupedit/id/1.html?_=1481036763846
INFO: [ app_begin ] --START--
INFO: Run Behavior\ReadHtmlCacheBehavior [ RunTime:0.000000s ]
INFO: [ app_begin ] --END-- [ RunTime:0.000000s ]
NOTIC: [2048] Declaration of Admin\Controller\PublicController::error() should be compatible with Think\Controller::error($message = '', $jumpUrl = '', $ajax = false) D:\phpCode\auth-master\Application\Admin\Controller\PublicController.class.php 第 328 行.
NOTIC: [2048] Declaration of Admin\Controller\PublicController::success() should be compatible with Think\Controller::success($message = '', $jumpUrl = '', $ajax = false) D:\phpCode\auth-master\Application\Admin\Controller\PublicController.class.php 第 328 行.
SQL: SHOW COLUMNS FROM `a_group_access` [ RunTime:0.0312s ]
SQL: SHOW COLUMNS FROM `a_auth_cate` [ RunTime:0.0312s ]
SQL: SELECT * FROM `a_auth_cate` WHERE `status` = 1 AND `level` = 1 AND `module` = 'Admin' ORDER BY sort DESC  [ RunTime:0.0000s ]
SQL: SELECT COUNT(*) AS tp_count FROM `a_auth_cate` WHERE `pid` = 14 AND `status` = 1 AND `is_menu` <> 0 LIMIT 1   [ RunTime:0.0000s ]
SQL: SELECT COUNT(*) AS tp_count FROM `a_auth_cate` WHERE `pid` = 2 AND `status` = 1 AND `is_menu` <> 0 LIMIT 1   [ RunTime:0.0000s ]
SQL: SELECT COUNT(*) AS tp_count FROM `a_auth_cate` WHERE `pid` = 3 AND `status` = 1 AND `is_menu` <> 0 LIMIT 1   [ RunTime:0.0000s ]
SQL: SELECT `module`,`controller`,`method`,`title`,`name` FROM `a_auth_cate` WHERE `status` = 1 AND `level` = 2 AND `is_menu` = 0 AND `module` = 'Admin' AND `controller` = 'Admin' ORDER BY sort DESC  [ RunTime:0.0000s ]
SQL: SHOW COLUMNS FROM `a_group` [ RunTime:0.0312s ]
SQL: SELECT * FROM `a_group` WHERE `id` = 1 AND `status` = 1 LIMIT 1   [ RunTime:0.0000s ]
INFO: [ view_parse ] --START--
INFO: [ template_filter ] --START--
INFO: Run Behavior\ContentReplaceBehavior [ RunTime:0.000000s ]
INFO: [ template_filter ] --END-- [ RunTime:0.000000s ]
INFO: Run Behavior\ParseTemplateBehavior [ RunTime:0.031201s ]
INFO: [ view_parse ] --END-- [ RunTime:0.031201s ]
INFO: [ view_filter ] --START--
INFO: Run Behavior\WriteHtmlCacheBehavior [ RunTime:0.000000s ]
INFO: [ view_filter ] --END-- [ RunTime:0.000000s ]
INFO: [ app_end ] --START--
INFO: Run Behavior\ShowPageTraceBehavior [ RunTime:0.000000s ]
INFO: [ app_end ] --END-- [ RunTime:0.000000s ]

[ 2016-12-06T23:06:09+08:00 ] 127.0.0.1 /auth-master/Admin/Admin/groupedit.html?_=1481036769102
INFO: [ app_begin ] --START--
INFO: Run Behavior\ReadHtmlCacheBehavior [ RunTime:0.000000s ]
INFO: [ app_begin ] --END-- [ RunTime:0.000000s ]
NOTIC: [2048] Declaration of Admin\Controller\PublicController::error() should be compatible with Think\Controller::error($message = '', $jumpUrl = '', $ajax = false) D:\phpCode\auth-master\Application\Admin\Controller\PublicController.class.php 第 328 行.
NOTIC: [2048] Declaration of Admin\Controller\PublicController::success() should be compatible with Think\Controller::success($message = '', $jumpUrl = '', $ajax = false) D:\phpCode\auth-master\Application\Admin\Controller\PublicController.class.php 第 328 行.
SQL: SHOW COLUMNS FROM `a_group_access` [ RunTime:0.0156s ]
SQL: SHOW COLUMNS FROM `a_auth_cate` [ RunTime:0.0468s ]
SQL: SELECT * FROM `a_auth_cate` WHERE `status` = 1 AND `level` = 1 AND `module` = 'Admin' ORDER BY sort DESC  [ RunTime:0.0000s ]
SQL: SELECT COUNT(*) AS tp_count FROM `a_auth_cate` WHERE `pid` = 14 AND `status` = 1 AND `is_menu` <> 0 LIMIT 1   [ RunTime:0.0000s ]
SQL: SELECT COUNT(*) AS tp_count FROM `a_auth_cate` WHERE `pid` = 2 AND `status` = 1 AND `is_menu` <> 0 LIMIT 1   [ RunTime:0.0000s ]
SQL: SELECT COUNT(*) AS tp_count FROM `a_auth_cate` WHERE `pid` = 3 AND `status` = 1 AND `is_menu` <> 0 LIMIT 1   [ RunTime:0.0000s ]
SQL: SELECT `module`,`controller`,`method`,`title`,`name` FROM `a_auth_cate` WHERE `status` = 1 AND `level` = 2 AND `is_menu` = 0 AND `module` = 'Admin' AND `controller` = 'Admin' ORDER BY sort DESC  [ RunTime:0.0000s ]
SQL: SHOW COLUMNS FROM `a_group` [ RunTime:0.0156s ]
INFO: [ view_parse ] --START--
INFO: [ template_filter ] --START--
INFO: Run Behavior\ContentReplaceBehavior [ RunTime:0.000000s ]
INFO: [ template_filter ] --END-- [ RunTime:0.000000s ]
NOTIC: [8] Undefined variable: info D:\phpCode\auth-master\Application\Runtime\Cache\Admin\b0ede0727abc02258eb3dbb2168002a9.php 第 9 行.
NOTIC: [8] Undefined variable: info D:\phpCode\auth-master\Application\Runtime\Cache\Admin\b0ede0727abc02258eb3dbb2168002a9.php 第 12 行.
NOTIC: [8] Undefined variable: info D:\phpCode\auth-master\Application\Runtime\Cache\Admin\b0ede0727abc02258eb3dbb2168002a9.php 第 23 行.
INFO: Run Behavior\ParseTemplateBehavior [ RunTime:0.031200s ]
INFO: [ view_parse ] --END-- [ RunTime:0.031200s ]
INFO: [ view_filter ] --START--
INFO: Run Behavior\WriteHtmlCacheBehavior [ RunTime:0.000000s ]
INFO: [ view_filter ] --END-- [ RunTime:0.000000s ]
INFO: [ app_end ] --START--
INFO: Run Behavior\ShowPageTraceBehavior [ RunTime:0.000000s ]
INFO: [ app_end ] --END-- [ RunTime:0.000000s ]

