[ 2016-12-06T23:04:06+08:00 ] 127.0.0.1 /auth-master/Content/Article/cateinfo.html?id=8&_=1481036646262
INFO: [ app_begin ] --START--
INFO: Run Behavior\ReadHtmlCacheBehavior [ RunTime:0.010000s ]
INFO: [ app_begin ] --END-- [ RunTime:0.010000s ]
NOTIC: [2048] Declaration of Admin\Controller\PublicController::error() should be compatible with Think\Controller::error($message = '', $jumpUrl = '', $ajax = false) D:\phpCode\auth-master\Application\Admin\Controller\PublicController.class.php 第 328 行.
NOTIC: [2048] Declaration of Admin\Controller\PublicController::success() should be compatible with Think\Controller::success($message = '', $jumpUrl = '', $ajax = false) D:\phpCode\auth-master\Application\Admin\Controller\PublicController.class.php 第 328 行.
SQL: SHOW COLUMNS FROM `a_group_access` [ RunTime:0.0200s ]
SQL: SHOW COLUMNS FROM `a_auth_cate` [ RunTime:0.0300s ]
SQL: SELECT * FROM `a_auth_cate` WHERE `status` = 1 AND `level` = 1 AND `module` = 'Content' ORDER BY sort DESC  [ RunTime:0.0000s ]
SQL: SELECT COUNT(*) AS tp_count FROM `a_auth_cate` WHERE `pid` = 19 AND `status` = 1 AND `is_menu` <> 0 LIMIT 1   [ RunTime:0.0000s ]
SQL: SELECT `module`,`controller`,`method`,`title`,`name` FROM `a_auth_cate` WHERE `status` = 1 AND `level` = 2 AND `is_menu` = 0 AND `module` = 'Content' AND `controller` = 'Article' ORDER BY sort DESC  [ RunTime:0.0020s ]
SQL: SHOW COLUMNS FROM `a_article_cate` [ RunTime:0.0320s ]
SQL: SELECT * FROM `a_article_cate` WHERE `id` = 8 LIMIT 1   [ RunTime:0.0010s ]
INFO: [ view_parse ] --START--
INFO: [ template_filter ] --START--
INFO: Run Behavior\ContentReplaceBehavior [ RunTime:0.000000s ]
INFO: [ template_filter ] --END-- [ RunTime:0.000000s ]
NOTIC: [8] Undefined variable: sortmax D:\phpCode\auth-master\Application\Runtime\Cache\Content\05897afbcf60b2c614e85eb7f64843ec.php 第 30 行.
INFO: Run Behavior\ParseTemplateBehavior [ RunTime:0.020001s ]
INFO: [ view_parse ] --END-- [ RunTime:0.021002s ]
INFO: [ view_filter ] --START--
INFO: Run Behavior\WriteHtmlCacheBehavior [ RunTime:0.010000s ]
INFO: [ view_filter ] --END-- [ RunTime:0.010000s ]
INFO: [ app_end ] --START--
INFO: Run Behavior\ShowPageTraceBehavior [ RunTime:0.000000s ]
INFO: [ app_end ] --END-- [ RunTime:0.000000s ]

[ 2016-12-06T23:04:10+08:00 ] 127.0.0.1 /auth-master/Content/Article/cateinfo.html?id=2&_=1481036650403
INFO: [ app_begin ] --START--
INFO: Run Behavior\ReadHtmlCacheBehavior [ RunTime:0.010000s ]
INFO: [ app_begin ] --END-- [ RunTime:0.010000s ]
NOTIC: [2048] Declaration of Admin\Controller\PublicController::error() should be compatible with Think\Controller::error($message = '', $jumpUrl = '', $ajax = false) D:\phpCode\auth-master\Application\Admin\Controller\PublicController.class.php 第 328 行.
NOTIC: [2048] Declaration of Admin\Controller\PublicController::success() should be compatible with Think\Controller::success($message = '', $jumpUrl = '', $ajax = false) D:\phpCode\auth-master\Application\Admin\Controller\PublicController.class.php 第 328 行.
SQL: SHOW COLUMNS FROM `a_group_access` [ RunTime:0.0300s ]
SQL: SHOW COLUMNS FROM `a_auth_cate` [ RunTime:0.0200s ]
SQL: SELECT * FROM `a_auth_cate` WHERE `status` = 1 AND `level` = 1 AND `module` = 'Content' ORDER BY sort DESC  [ RunTime:0.0000s ]
SQL: SELECT COUNT(*) AS tp_count FROM `a_auth_cate` WHERE `pid` = 19 AND `status` = 1 AND `is_menu` <> 0 LIMIT 1   [ RunTime:0.0000s ]
SQL: SELECT `module`,`controller`,`method`,`title`,`name` FROM `a_auth_cate` WHERE `status` = 1 AND `level` = 2 AND `is_menu` = 0 AND `module` = 'Content' AND `controller` = 'Article' ORDER BY sort DESC  [ RunTime:0.0000s ]
SQL: SHOW COLUMNS FROM `a_article_cate` [ RunTime:0.0200s ]
SQL: SELECT * FROM `a_article_cate` WHERE `id` = 2 LIMIT 1   [ RunTime:0.0100s ]
INFO: [ view_parse ] --START--
INFO: [ template_filter ] --START--
INFO: Run Behavior\ContentReplaceBehavior [ RunTime:0.000000s ]
INFO: [ template_filter ] --END-- [ RunTime:0.000000s ]
NOTIC: [8] Undefined variable: sortmax D:\phpCode\auth-master\Application\Runtime\Cache\Content\05897afbcf60b2c614e85eb7f64843ec.php 第 30 行.
INFO: Run Behavior\ParseTemplateBehavior [ RunTime:0.020000s ]
INFO: [ view_parse ] --END-- [ RunTime:0.020000s ]
INFO: [ view_filter ] --START--
INFO: Run Behavior\WriteHtmlCacheBehavior [ RunTime:0.000000s ]
INFO: [ view_filter ] --END-- [ RunTime:0.000000s ]
INFO: [ app_end ] --START--
INFO: Run Behavior\ShowPageTraceBehavior [ RunTime:0.000000s ]
INFO: [ app_end ] --END-- [ RunTime:0.000000s ]

[ 2016-12-06T23:04:14+08:00 ] 127.0.0.1 /auth-master/Content/Article/cateinfo.html?id=2&_=1481036654220
INFO: [ app_begin ] --START--
INFO: Run Behavior\ReadHtmlCacheBehavior [ RunTime:0.000000s ]
INFO: [ app_begin ] --END-- [ RunTime:0.010000s ]
NOTIC: [2048] Declaration of Admin\Controller\PublicController::error() should be compatible with Think\Controller::error($message = '', $jumpUrl = '', $ajax = false) D:\phpCode\auth-master\Application\Admin\Controller\PublicController.class.php 第 328 行.
NOTIC: [2048] Declaration of Admin\Controller\PublicController::success() should be compatible with Think\Controller::success($message = '', $jumpUrl = '', $ajax = false) D:\phpCode\auth-master\Application\Admin\Controller\PublicController.class.php 第 328 行.
SQL: SHOW COLUMNS FROM `a_group_access` [ RunTime:0.0300s ]
SQL: SHOW COLUMNS FROM `a_auth_cate` [ RunTime:0.0200s ]
SQL: SELECT * FROM `a_auth_cate` WHERE `status` = 1 AND `level` = 1 AND `module` = 'Content' ORDER BY sort DESC  [ RunTime:0.0000s ]
SQL: SELECT COUNT(*) AS tp_count FROM `a_auth_cate` WHERE `pid` = 19 AND `status` = 1 AND `is_menu` <> 0 LIMIT 1   [ RunTime:0.0000s ]
SQL: SELECT `module`,`controller`,`method`,`title`,`name` FROM `a_auth_cate` WHERE `status` = 1 AND `level` = 2 AND `is_menu` = 0 AND `module` = 'Content' AND `controller` = 'Article' ORDER BY sort DESC  [ RunTime:0.0000s ]
SQL: SHOW COLUMNS FROM `a_article_cate` [ RunTime:0.0300s ]
SQL: SELECT * FROM `a_article_cate` WHERE `id` = 2 LIMIT 1   [ RunTime:0.0000s ]
INFO: [ view_parse ] --START--
INFO: [ template_filter ] --START--
INFO: Run Behavior\ContentReplaceBehavior [ RunTime:0.000000s ]
INFO: [ template_filter ] --END-- [ RunTime:0.000000s ]
NOTIC: [8] Undefined variable: sortmax D:\phpCode\auth-master\Application\Runtime\Cache\Content\05897afbcf60b2c614e85eb7f64843ec.php 第 30 行.
INFO: Run Behavior\ParseTemplateBehavior [ RunTime:0.020000s ]
INFO: [ view_parse ] --END-- [ RunTime:0.020000s ]
INFO: [ view_filter ] --START--
INFO: Run Behavior\WriteHtmlCacheBehavior [ RunTime:0.000000s ]
INFO: [ view_filter ] --END-- [ RunTime:0.000000s ]
INFO: [ app_end ] --START--
INFO: Run Behavior\ShowPageTraceBehavior [ RunTime:0.010000s ]
INFO: [ app_end ] --END-- [ RunTime:0.010000s ]

[ 2016-12-06T23:04:15+08:00 ] 127.0.0.1 /auth-master/Content/Article/cateinfo.html?id=3&_=1481036655494
INFO: [ app_begin ] --START--
INFO: Run Behavior\ReadHtmlCacheBehavior [ RunTime:0.000000s ]
INFO: [ app_begin ] --END-- [ RunTime:0.000000s ]
NOTIC: [2048] Declaration of Admin\Controller\PublicController::error() should be compatible with Think\Controller::error($message = '', $jumpUrl = '', $ajax = false) D:\phpCode\auth-master\Application\Admin\Controller\PublicController.class.php 第 328 行.
NOTIC: [2048] Declaration of Admin\Controller\PublicController::success() should be compatible with Think\Controller::success($message = '', $jumpUrl = '', $ajax = false) D:\phpCode\auth-master\Application\Admin\Controller\PublicController.class.php 第 328 行.
SQL: SHOW COLUMNS FROM `a_group_access` [ RunTime:0.0468s ]
SQL: SHOW COLUMNS FROM `a_auth_cate` [ RunTime:0.0312s ]
SQL: SELECT * FROM `a_auth_cate` WHERE `status` = 1 AND `level` = 1 AND `module` = 'Content' ORDER BY sort DESC  [ RunTime:0.0000s ]
SQL: SELECT COUNT(*) AS tp_count FROM `a_auth_cate` WHERE `pid` = 19 AND `status` = 1 AND `is_menu` <> 0 LIMIT 1   [ RunTime:0.0000s ]
SQL: SELECT `module`,`controller`,`method`,`title`,`name` FROM `a_auth_cate` WHERE `status` = 1 AND `level` = 2 AND `is_menu` = 0 AND `module` = 'Content' AND `controller` = 'Article' ORDER BY sort DESC  [ RunTime:0.0000s ]
SQL: SHOW COLUMNS FROM `a_article_cate` [ RunTime:0.0156s ]
SQL: SELECT * FROM `a_article_cate` WHERE `id` = 3 LIMIT 1   [ RunTime:0.0000s ]
INFO: [ view_parse ] --START--
INFO: [ template_filter ] --START--
INFO: Run Behavior\ContentReplaceBehavior [ RunTime:0.000000s ]
INFO: [ template_filter ] --END-- [ RunTime:0.000000s ]
NOTIC: [8] Undefined variable: sortmax D:\phpCode\auth-master\Application\Runtime\Cache\Content\05897afbcf60b2c614e85eb7f64843ec.php 第 30 行.
INFO: Run Behavior\ParseTemplateBehavior [ RunTime:0.031200s ]
INFO: [ view_parse ] --END-- [ RunTime:0.031200s ]
INFO: [ view_filter ] --START--
INFO: Run Behavior\WriteHtmlCacheBehavior [ RunTime:0.000000s ]
INFO: [ view_filter ] --END-- [ RunTime:0.000000s ]
INFO: [ app_end ] --START--
INFO: Run Behavior\ShowPageTraceBehavior [ RunTime:0.000000s ]
INFO: [ app_end ] --END-- [ RunTime:0.000000s ]

[ 2016-12-06T23:04:18+08:00 ] 127.0.0.1 /auth-master/Content/Article/cateinfo.html?id=4&_=1481036658074
INFO: [ app_begin ] --START--
INFO: Run Behavior\ReadHtmlCacheBehavior [ RunTime:0.000000s ]
INFO: [ app_begin ] --END-- [ RunTime:0.000000s ]
NOTIC: [2048] Declaration of Admin\Controller\PublicController::error() should be compatible with Think\Controller::error($message = '', $jumpUrl = '', $ajax = false) D:\phpCode\auth-master\Application\Admin\Controller\PublicController.class.php 第 328 行.
NOTIC: [2048] Declaration of Admin\Controller\PublicController::success() should be compatible with Think\Controller::success($message = '', $jumpUrl = '', $ajax = false) D:\phpCode\auth-master\Application\Admin\Controller\PublicController.class.php 第 328 行.
SQL: SHOW COLUMNS FROM `a_group_access` [ RunTime:0.0156s ]
SQL: SHOW COLUMNS FROM `a_auth_cate` [ RunTime:0.0312s ]
SQL: SELECT * FROM `a_auth_cate` WHERE `status` = 1 AND `level` = 1 AND `module` = 'Content' ORDER BY sort DESC  [ RunTime:0.0000s ]
SQL: SELECT COUNT(*) AS tp_count FROM `a_auth_cate` WHERE `pid` = 19 AND `status` = 1 AND `is_menu` <> 0 LIMIT 1   [ RunTime:0.0000s ]
SQL: SELECT `module`,`controller`,`method`,`title`,`name` FROM `a_auth_cate` WHERE `status` = 1 AND `level` = 2 AND `is_menu` = 0 AND `module` = 'Content' AND `controller` = 'Article' ORDER BY sort DESC  [ RunTime:0.0000s ]
SQL: SHOW COLUMNS FROM `a_article_cate` [ RunTime:0.0312s ]
SQL: SELECT * FROM `a_article_cate` WHERE `id` = 4 LIMIT 1   [ RunTime:0.0000s ]
INFO: [ view_parse ] --START--
INFO: [ template_filter ] --START--
INFO: Run Behavior\ContentReplaceBehavior [ RunTime:0.000000s ]
INFO: [ template_filter ] --END-- [ RunTime:0.000000s ]
NOTIC: [8] Undefined variable: sortmax D:\phpCode\auth-master\Application\Runtime\Cache\Content\05897afbcf60b2c614e85eb7f64843ec.php 第 30 行.
INFO: Run Behavior\ParseTemplateBehavior [ RunTime:0.031200s ]
INFO: [ view_parse ] --END-- [ RunTime:0.031200s ]
INFO: [ view_filter ] --START--
INFO: Run Behavior\WriteHtmlCacheBehavior [ RunTime:0.000000s ]
INFO: [ view_filter ] --END-- [ RunTime:0.000000s ]
INFO: [ app_end ] --START--
INFO: Run Behavior\ShowPageTraceBehavior [ RunTime:0.000000s ]
INFO: [ app_end ] --END-- [ RunTime:0.000000s ]

